  [4;36;1mSQL (0.4ms)[0m   [0;1m SELECT name
 FROM sqlite_master
 WHERE type = 'table' AND NOT name = 'sqlite_sequence'
[0m
  [4;35;1mSQL (0.1ms)[0m   [0mselect sqlite_version(*)[0m
  [4;36;1mSQL (183.1ms)[0m   [0;1mCREATE TABLE "schema_migrations" ("version" varchar(255) NOT NULL) [0m
  [4;35;1mSQL (0.2ms)[0m   [0mPRAGMA index_list("schema_migrations")[0m
  [4;36;1mSQL (82.4ms)[0m   [0;1mCREATE UNIQUE INDEX "unique_schema_migrations" ON "schema_migrations" ("version")[0m
  [4;35;1mSQL (0.3ms)[0m   [0m SELECT name
 FROM sqlite_master
 WHERE type = 'table' AND NOT name = 'sqlite_sequence'
[0m
  [4;36;1mSQL (0.1ms)[0m   [0;1mSELECT version FROM schema_migrations[0m
Migrating to CreateUsers (20100712194539)
  [4;35;1mSQL (0.6ms)[0m   [0mCREATE TABLE "users" ("id" INTEGER PRIMARY KEY AUTOINCREMENT NOT NULL, "name" varchar(255), "email" varchar(255), "created_at" datetime, "updated_at" datetime) [0m
  [4;36;1mSQL (0.1ms)[0m   [0;1mINSERT INTO schema_migrations (version) VALUES ('20100712194539')[0m
  [4;35;1mSQL (0.7ms)[0m   [0m SELECT name
 FROM sqlite_master
 WHERE type = 'table' AND NOT name = 'sqlite_sequence'
[0m
  [4;36;1mSQL (0.3ms)[0m   [0;1mSELECT version FROM schema_migrations[0m
  [4;35;1mSQL (0.2ms)[0m   [0m SELECT name
 FROM sqlite_master
 WHERE type = 'table' AND NOT name = 'sqlite_sequence'
[0m
  [4;36;1mSQL (0.1ms)[0m   [0;1mPRAGMA index_list("users")[0m


Processing UsersController#index (for 127.0.0.1 at 2010-07-12 23:48:21) [GET]
  [4;36;1mUser Load (1.3ms)[0m   [0;1mSELECT * FROM "users" [0m
Rendering template within layouts/users
Rendering users/index
Completed in 39ms (View: 29, DB: 1) | 200 OK [http://localhost/users]


Processing UsersController#new (for 127.0.0.1 at 2010-07-12 23:48:49) [GET]
Rendering template within layouts/users
Rendering users/new
Completed in 34ms (View: 24, DB: 0) | 200 OK [http://localhost/users/new]


Processing UsersController#create (for 127.0.0.1 at 2010-07-12 23:49:06) [POST]
  Parameters: {"commit"=>"Create", "authenticity_token"=>"y47Ila8LHFRk0kq56aGpwR9fy3i839iG2g3h863nNcU=", "user"=>{"name"=>"Ivan Shastin", "email"=>"yastchek@gmail.com"}}
  [4;35;1mUser Create (0.6ms)[0m   [0mINSERT INTO "users" ("name", "created_at", "updated_at", "email") VALUES('Ivan Shastin', '2010-07-12 19:49:06', '2010-07-12 19:49:06', 'yastchek@gmail.com')[0m
Redirected to http://localhost:3000/users/1
Completed in 126ms (DB: 1) | 302 Found [http://localhost/users]


Processing UsersController#show (for 127.0.0.1 at 2010-07-12 23:49:06) [GET]
  Parameters: {"id"=>"1"}
  [4;36;1mUser Load (0.4ms)[0m   [0;1mSELECT * FROM "users" WHERE ("users"."id" = 1) [0m
Rendering template within layouts/users
Rendering users/show
Completed in 25ms (View: 12, DB: 0) | 200 OK [http://localhost/users/1]


Processing UsersController#index (for 127.0.0.1 at 2010-07-12 23:50:53) [GET]
  [4;35;1mUser Load (0.5ms)[0m   [0mSELECT * FROM "users" [0m
Rendering template within layouts/users
Rendering users/index
Completed in 19ms (View: 9, DB: 1) | 200 OK [http://localhost/users]


Processing UsersController#new (for 127.0.0.1 at 2010-07-12 23:50:55) [GET]
Rendering template within layouts/users
Rendering users/new
Completed in 22ms (View: 12, DB: 0) | 200 OK [http://localhost/users/new]


Processing UsersController#create (for 127.0.0.1 at 2010-07-12 23:51:09) [POST]
  Parameters: {"commit"=>"Create", "authenticity_token"=>"y47Ila8LHFRk0kq56aGpwR9fy3i839iG2g3h863nNcU=", "user"=>{"name"=>"Pavel Shastin", "email"=>"pavel@gmail.com"}}
  [4;36;1mUser Create (0.9ms)[0m   [0;1mINSERT INTO "users" ("name", "created_at", "updated_at", "email") VALUES('Pavel Shastin', '2010-07-12 19:51:09', '2010-07-12 19:51:09', 'pavel@gmail.com')[0m
Redirected to http://localhost:3000/users/2
Completed in 119ms (DB: 1) | 302 Found [http://localhost/users]


Processing UsersController#show (for 127.0.0.1 at 2010-07-12 23:51:09) [GET]
  Parameters: {"id"=>"2"}
  [4;35;1mUser Load (0.4ms)[0m   [0mSELECT * FROM "users" WHERE ("users"."id" = 2) [0m
Rendering template within layouts/users
Rendering users/show
Completed in 16ms (View: 4, DB: 0) | 200 OK [http://localhost/users/2]
  [4;36;1mSQL (0.7ms)[0m   [0;1m SELECT name
 FROM sqlite_master
 WHERE type = 'table' AND NOT name = 'sqlite_sequence'
[0m
  [4;35;1mSQL (0.2ms)[0m   [0mSELECT version FROM schema_migrations[0m
Migrating to CreateUsers (20100712194539)
Migrating to CreateMicroposts (20100712195235)
  [4;36;1mSQL (0.1ms)[0m   [0;1mselect sqlite_version(*)[0m
  [4;35;1mSQL (0.7ms)[0m   [0mCREATE TABLE "microposts" ("id" INTEGER PRIMARY KEY AUTOINCREMENT NOT NULL, "content" varchar(255), "user_id" integer, "created_at" datetime, "updated_at" datetime) [0m
  [4;36;1mSQL (0.2ms)[0m   [0;1mINSERT INTO schema_migrations (version) VALUES ('20100712195235')[0m
  [4;35;1mSQL (0.3ms)[0m   [0m SELECT name
 FROM sqlite_master
 WHERE type = 'table' AND NOT name = 'sqlite_sequence'
[0m
  [4;36;1mSQL (0.2ms)[0m   [0;1mSELECT version FROM schema_migrations[0m
  [4;35;1mSQL (0.2ms)[0m   [0m SELECT name
 FROM sqlite_master
 WHERE type = 'table' AND NOT name = 'sqlite_sequence'
[0m
  [4;36;1mSQL (0.1ms)[0m   [0;1mPRAGMA index_list("microposts")[0m
  [4;35;1mSQL (0.1ms)[0m   [0mPRAGMA index_list("users")[0m


Processing MicropostsController#index (for 127.0.0.1 at 2010-07-12 23:53:02) [GET]
  [4;36;1mMicropost Load (0.7ms)[0m   [0;1mSELECT * FROM "microposts" [0m
Rendering template within layouts/microposts
Rendering microposts/index
Completed in 31ms (View: 21, DB: 1) | 200 OK [http://localhost/microposts]


Processing MicropostsController#new (for 127.0.0.1 at 2010-07-12 23:53:14) [GET]
Rendering template within layouts/microposts
Rendering microposts/new
Completed in 34ms (View: 20, DB: 0) | 200 OK [http://localhost/microposts/new]


Processing MicropostsController#create (for 127.0.0.1 at 2010-07-12 23:53:23) [POST]
  Parameters: {"commit"=>"Create", "micropost"=>{"user_id"=>"1", "content"=>"first micropost"}, "authenticity_token"=>"y47Ila8LHFRk0kq56aGpwR9fy3i839iG2g3h863nNcU="}
  [4;35;1mMicropost Create (0.6ms)[0m   [0mINSERT INTO "microposts" ("created_at", "updated_at", "user_id", "content") VALUES('2010-07-12 19:53:23', '2010-07-12 19:53:23', 1, 'first micropost')[0m
Redirected to http://localhost:3000/microposts/1
Completed in 105ms (DB: 1) | 302 Found [http://localhost/microposts]


Processing MicropostsController#show (for 127.0.0.1 at 2010-07-12 23:53:23) [GET]
  Parameters: {"id"=>"1"}
  [4;36;1mMicropost Load (2.1ms)[0m   [0;1mSELECT * FROM "microposts" WHERE ("microposts"."id" = 1) [0m
Rendering template within layouts/microposts
Rendering microposts/show
Completed in 26ms (View: 12, DB: 2) | 200 OK [http://localhost/microposts/1]
  [4;36;1mUser Load (0.7ms)[0m   [0;1mSELECT * FROM "users" LIMIT 1[0m
  [4;35;1mMicropost Load (0.4ms)[0m   [0mSELECT * FROM "microposts" WHERE ("microposts".user_id = 1) [0m
  [4;36;1mMicropost Load (0.7ms)[0m   [0;1mSELECT * FROM "microposts" LIMIT 1[0m
  [4;35;1mUser Load (0.6ms)[0m   [0mSELECT * FROM "users" WHERE ("users"."id" = 1) [0m
